<?xml version="1.0" encoding="UTF-8"?>
<testsuite xmlns:xsi="http://www.w3.org/2001/XMLSchema-instance" xsi:noNamespaceSchemaLocation="https://maven.apache.org/surefire/maven-surefire-plugin/xsd/surefire-test-report.xsd" name="com.strider.datadefender.anonymizer.functions.CoreTest" time="0.002" tests="9" errors="0" skipped="0" failures="0">
  <properties>
    <property name="sun.desktop" value="gnome"/>
    <property name="awt.toolkit" value="sun.awt.X11.XToolkit"/>
    <property name="java.specification.version" value="11"/>
    <property name="sun.cpu.isalist" value=""/>
    <property name="sun.jnu.encoding" value="UTF-8"/>
    <property name="java.class.path" value="/home/mohammad/Desktop/DataDefender-master/target/test-classes:/home/mohammad/Desktop/DataDefender-master/target/classes:/home/mohammad/.m2/repository/org/projectlombok/lombok/1.18.12/lombok-1.18.12.jar:/home/mohammad/.m2/repository/org/apache/logging/log4j/log4j-core/2.17.0/log4j-core-2.17.0.jar:/home/mohammad/.m2/repository/org/apache/logging/log4j/log4j-api/2.17.0/log4j-api-2.17.0.jar:/home/mohammad/.m2/repository/org/apache/logging/log4j/log4j-slf4j-impl/2.17.0/log4j-slf4j-impl-2.17.0.jar:/home/mohammad/.m2/repository/org/slf4j/slf4j-api/1.7.25/slf4j-api-1.7.25.jar:/home/mohammad/.m2/repository/org/apache/commons/commons-lang3/3.10/commons-lang3-3.10.jar:/home/mohammad/.m2/repository/org/apache/commons/commons-collections4/4.4/commons-collections4-4.4.jar:/home/mohammad/.m2/repository/org/apache/commons/commons-text/1.8/commons-text-1.8.jar:/home/mohammad/.m2/repository/commons-io/commons-io/2.6/commons-io-2.6.jar:/home/mohammad/.m2/repository/commons-validator/commons-validator/1.7/commons-validator-1.7.jar:/home/mohammad/.m2/repository/commons-beanutils/commons-beanutils/1.9.4/commons-beanutils-1.9.4.jar:/home/mohammad/.m2/repository/commons-digester/commons-digester/2.1/commons-digester-2.1.jar:/home/mohammad/.m2/repository/commons-logging/commons-logging/1.2/commons-logging-1.2.jar:/home/mohammad/.m2/repository/commons-collections/commons-collections/3.2.2/commons-collections-3.2.2.jar:/home/mohammad/.m2/repository/info/picocli/picocli/4.3.2/picocli-4.3.2.jar:/home/mohammad/.m2/repository/me/tongfei/progressbar/0.8.1/progressbar-0.8.1.jar:/home/mohammad/.m2/repository/org/jline/jline/3.13.3/jline-3.13.3.jar:/home/mohammad/.m2/repository/org/glassfish/jaxb/jaxb-runtime/2.3.3/jaxb-runtime-2.3.3.jar:/home/mohammad/.m2/repository/jakarta/xml/bind/jakarta.xml.bind-api/2.3.3/jakarta.xml.bind-api-2.3.3.jar:/home/mohammad/.m2/repository/org/glassfish/jaxb/txw2/2.3.3/txw2-2.3.3.jar:/home/mohammad/.m2/repository/com/sun/istack/istack-commons-runtime/3.0.11/istack-commons-runtime-3.0.11.jar:/home/mohammad/.m2/repository/com/sun/activation/jakarta.activation/1.2.2/jakarta.activation-1.2.2.jar:/home/mohammad/.m2/repository/dk/brics/automaton/1.12-1/automaton-1.12-1.jar:/home/mohammad/.m2/repository/org/xerial/sqlite-jdbc/3.31.1/sqlite-jdbc-3.31.1.jar:/home/mohammad/.m2/repository/org/apache/pdfbox/jbig2-imageio/3.0.3/jbig2-imageio-3.0.3.jar:/home/mohammad/.m2/repository/com/github/jai-imageio/jai-imageio-core/1.4.0/jai-imageio-core-1.4.0.jar:/home/mohammad/.m2/repository/com/github/jai-imageio/jai-imageio-jpeg2000/1.3.0/jai-imageio-jpeg2000-1.3.0.jar:/home/mohammad/.m2/repository/org/apache/opennlp/opennlp-tools/1.9.2/opennlp-tools-1.9.2.jar:/home/mohammad/.m2/repository/org/apache/tika/tika-core/1.24.1/tika-core-1.24.1.jar:/home/mohammad/.m2/repository/org/apache/tika/tika-parsers/1.25/tika-parsers-1.25.jar:/home/mohammad/.m2/repository/xerces/xercesImpl/2.12.0/xercesImpl-2.12.0.jar:/home/mohammad/.m2/repository/xml-apis/xml-apis/1.4.01/xml-apis-1.4.01.jar:/home/mohammad/.m2/repository/javax/annotation/javax.annotation-api/1.3.2/javax.annotation-api-1.3.2.jar:/home/mohammad/.m2/repository/org/gagravarr/vorbis-java-tika/0.8/vorbis-java-tika-0.8.jar:/home/mohammad/.m2/repository/org/tallison/jmatio/1.5/jmatio-1.5.jar:/home/mohammad/.m2/repository/org/apache/james/apache-mime4j-core/0.8.3/apache-mime4j-core-0.8.3.jar:/home/mohammad/.m2/repository/org/apache/james/apache-mime4j-dom/0.8.3/apache-mime4j-dom-0.8.3.jar:/home/mohammad/.m2/repository/com/googlecode/plist/dd-plist/1.23/dd-plist-1.23.jar:/home/mohammad/.m2/repository/org/apache/commons/commons-compress/1.20/commons-compress-1.20.jar:/home/mohammad/.m2/repository/org/tukaani/xz/1.8/xz-1.8.jar:/home/mohammad/.m2/repository/com/epam/parso/2.0.12/parso-2.0.12.jar:/home/mohammad/.m2/repository/org/brotli/dec/0.1.2/dec-0.1.2.jar:/home/mohammad/.m2/repository/commons-codec/commons-codec/1.15/commons-codec-1.15.jar:/home/mohammad/.m2/repository/org/apache/pdfbox/pdfbox/2.0.21/pdfbox-2.0.21.jar:/home/mohammad/.m2/repository/org/apache/pdfbox/fontbox/2.0.21/fontbox-2.0.21.jar:/home/mohammad/.m2/repository/org/apache/pdfbox/pdfbox-tools/2.0.21/pdfbox-tools-2.0.21.jar:/home/mohammad/.m2/repository/org/apache/pdfbox/preflight/2.0.21/preflight-2.0.21.jar:/home/mohammad/.m2/repository/org/apache/pdfbox/jempbox/1.8.16/jempbox-1.8.16.jar:/home/mohammad/.m2/repository/org/apache/pdfbox/xmpbox/2.0.21/xmpbox-2.0.21.jar:/home/mohammad/.m2/repository/org/bouncycastle/bcmail-jdk15on/1.67/bcmail-jdk15on-1.67.jar:/home/mohammad/.m2/repository/org/bouncycastle/bcpkix-jdk15on/1.67/bcpkix-jdk15on-1.67.jar:/home/mohammad/.m2/repository/org/bouncycastle/bcprov-jdk15on/1.67/bcprov-jdk15on-1.67.jar:/home/mohammad/.m2/repository/org/apache/poi/poi/4.1.2/poi-4.1.2.jar:/home/mohammad/.m2/repository/org/apache/commons/commons-math3/3.6.1/commons-math3-3.6.1.jar:/home/mohammad/.m2/repository/com/zaxxer/SparseBitSet/1.2/SparseBitSet-1.2.jar:/home/mohammad/.m2/repository/org/apache/poi/poi-scratchpad/4.1.2/poi-scratchpad-4.1.2.jar:/home/mohammad/.m2/repository/org/apache/poi/poi-ooxml/4.1.2/poi-ooxml-4.1.2.jar:/home/mohammad/.m2/repository/org/apache/poi/poi-ooxml-schemas/4.1.2/poi-ooxml-schemas-4.1.2.jar:/home/mohammad/.m2/repository/org/apache/xmlbeans/xmlbeans/3.1.0/xmlbeans-3.1.0.jar:/home/mohammad/.m2/repository/com/github/virtuald/curvesapi/1.06/curvesapi-1.06.jar:/home/mohammad/.m2/repository/com/healthmarketscience/jackcess/jackcess/3.5.1/jackcess-3.5.1.jar:/home/mohammad/.m2/repository/com/healthmarketscience/jackcess/jackcess-encrypt/3.0.0/jackcess-encrypt-3.0.0.jar:/home/mohammad/.m2/repository/org/ccil/cowan/tagsoup/tagsoup/1.2.1/tagsoup-1.2.1.jar:/home/mohammad/.m2/repository/org/ow2/asm/asm/9.0/asm-9.0.jar:/home/mohammad/.m2/repository/org/tallison/isoparser/1.9.41.4/isoparser-1.9.41.4.jar:/home/mohammad/.m2/repository/org/tallison/metadata-extractor/2.15.0.1/metadata-extractor-2.15.0.1.jar:/home/mohammad/.m2/repository/org/tallison/xmp/xmpcore-shaded/6.1.11/xmpcore-shaded-6.1.11.jar:/home/mohammad/.m2/repository/de/l3s/boilerpipe/boilerpipe/1.1.0/boilerpipe-1.1.0.jar:/home/mohammad/.m2/repository/com/rometools/rome/1.15.0/rome-1.15.0.jar:/home/mohammad/.m2/repository/com/rometools/rome-utils/1.15.0/rome-utils-1.15.0.jar:/home/mohammad/.m2/repository/org/gagravarr/vorbis-java-core/0.8/vorbis-java-core-0.8.jar:/home/mohammad/.m2/repository/com/googlecode/juniversalchardet/juniversalchardet/1.0.3/juniversalchardet-1.0.3.jar:/home/mohammad/.m2/repository/org/codelibs/jhighlight/1.0.3/jhighlight-1.0.3.jar:/home/mohammad/.m2/repository/com/pff/java-libpst/0.9.3/java-libpst-0.9.3.jar:/home/mohammad/.m2/repository/com/github/junrar/junrar/7.4.0/junrar-7.4.0.jar:/home/mohammad/.m2/repository/org/apache/cxf/cxf-rt-rs-client/3.4.1/cxf-rt-rs-client-3.4.1.jar:/home/mohammad/.m2/repository/org/apache/cxf/cxf-rt-transports-http/3.4.1/cxf-rt-transports-http-3.4.1.jar:/home/mohammad/.m2/repository/org/apache/cxf/cxf-core/3.4.1/cxf-core-3.4.1.jar:/home/mohammad/.m2/repository/com/fasterxml/woodstox/woodstox-core/6.2.1/woodstox-core-6.2.1.jar:/home/mohammad/.m2/repository/org/codehaus/woodstox/stax2-api/4.2.1/stax2-api-4.2.1.jar:/home/mohammad/.m2/repository/org/apache/ws/xmlschema/xmlschema-core/2.2.5/xmlschema-core-2.2.5.jar:/home/mohammad/.m2/repository/org/apache/cxf/cxf-rt-frontend-jaxrs/3.4.1/cxf-rt-frontend-jaxrs-3.4.1.jar:/home/mohammad/.m2/repository/jakarta/ws/rs/jakarta.ws.rs-api/2.1.6/jakarta.ws.rs-api-2.1.6.jar:/home/mohammad/.m2/repository/org/apache/cxf/cxf-rt-security/3.4.1/cxf-rt-security-3.4.1.jar:/home/mohammad/.m2/repository/jakarta/annotation/jakarta.annotation-api/1.3.5/jakarta.annotation-api-1.3.5.jar:/home/mohammad/.m2/repository/jakarta/xml/ws/jakarta.xml.ws-api/2.3.3/jakarta.xml.ws-api-2.3.3.jar:/home/mohammad/.m2/repository/jakarta/jws/jakarta.jws-api/2.1.0/jakarta.jws-api-2.1.0.jar:/home/mohammad/.m2/repository/jakarta/xml/soap/jakarta.xml.soap-api/1.4.2/jakarta.xml.soap-api-1.4.2.jar:/home/mohammad/.m2/repository/jakarta/activation/jakarta.activation-api/1.2.2/jakarta.activation-api-1.2.2.jar:/home/mohammad/.m2/repository/com/sun/xml/messaging/saaj/saaj-impl/1.5.2/saaj-impl-1.5.2.jar:/home/mohammad/.m2/repository/org/jvnet/staxex/stax-ex/1.8.3/stax-ex-1.8.3.jar:/home/mohammad/.m2/repository/org/apache/geronimo/specs/geronimo-jta_1.1_spec/1.1.1/geronimo-jta_1.1_spec-1.1.1.jar:/home/mohammad/.m2/repository/org/jboss/spec/javax/rmi/jboss-rmi-api_1.0_spec/1.0.6.Final/jboss-rmi-api_1.0_spec-1.0.6.Final.jar:/home/mohammad/.m2/repository/org/apache/commons/commons-exec/1.3/commons-exec-1.3.jar:/home/mohammad/.m2/repository/com/googlecode/json-simple/json-simple/1.1.1/json-simple-1.1.1.jar:/home/mohammad/.m2/repository/com/github/openjson/openjson/1.0.12/openjson-1.0.12.jar:/home/mohammad/.m2/repository/com/google/code/gson/gson/2.8.6/gson-2.8.6.jar:/home/mohammad/.m2/repository/org/slf4j/jul-to-slf4j/1.7.28/jul-to-slf4j-1.7.28.jar:/home/mohammad/.m2/repository/org/slf4j/jcl-over-slf4j/1.7.28/jcl-over-slf4j-1.7.28.jar:/home/mohammad/.m2/repository/edu/ucar/netcdf4/4.5.5/netcdf4-4.5.5.jar:/home/mohammad/.m2/repository/org/jdom/jdom2/2.0.6/jdom2-2.0.6.jar:/home/mohammad/.m2/repository/com/google/guava/guava/30.0-jre/guava-30.0-jre.jar:/home/mohammad/.m2/repository/com/google/guava/failureaccess/1.0.1/failureaccess-1.0.1.jar:/home/mohammad/.m2/repository/com/google/guava/listenablefuture/9999.0-empty-to-avoid-conflict-with-guava/listenablefuture-9999.0-empty-to-avoid-conflict-with-guava.jar:/home/mohammad/.m2/repository/com/google/code/findbugs/jsr305/3.0.2/jsr305-3.0.2.jar:/home/mohammad/.m2/repository/org/checkerframework/checker-qual/3.5.0/checker-qual-3.5.0.jar:/home/mohammad/.m2/repository/com/google/errorprone/error_prone_annotations/2.3.4/error_prone_annotations-2.3.4.jar:/home/mohammad/.m2/repository/com/google/j2objc/j2objc-annotations/1.3/j2objc-annotations-1.3.jar:/home/mohammad/.m2/repository/edu/ucar/grib/4.5.5/grib-4.5.5.jar:/home/mohammad/.m2/repository/org/itadaki/bzip2/0.9.1/bzip2-0.9.1.jar:/home/mohammad/.m2/repository/net/jcip/jcip-annotations/1.0/jcip-annotations-1.0.jar:/home/mohammad/.m2/repository/com/beust/jcommander/1.78/jcommander-1.78.jar:/home/mohammad/.m2/repository/net/java/dev/jna/jna/5.6.0/jna-5.6.0.jar:/home/mohammad/.m2/repository/org/jsoup/jsoup/1.13.1/jsoup-1.13.1.jar:/home/mohammad/.m2/repository/com/google/protobuf/protobuf-java/3.12.2/protobuf-java-3.12.2.jar:/home/mohammad/.m2/repository/edu/ucar/cdm/4.5.5/cdm-4.5.5.jar:/home/mohammad/.m2/repository/edu/ucar/udunits/4.5.5/udunits-4.5.5.jar:/home/mohammad/.m2/repository/joda-time/joda-time/2.2/joda-time-2.2.jar:/home/mohammad/.m2/repository/net/sf/ehcache/ehcache-core/2.6.2/ehcache-core-2.6.2.jar:/home/mohammad/.m2/repository/org/quartz-scheduler/quartz/2.3.2/quartz-2.3.2.jar:/home/mohammad/.m2/repository/com/zaxxer/HikariCP-java7/2.4.13/HikariCP-java7-2.4.13.jar:/home/mohammad/.m2/repository/com/mchange/c3p0/0.9.5.5/c3p0-0.9.5.5.jar:/home/mohammad/.m2/repository/com/mchange/mchange-commons-java/0.2.19/mchange-commons-java-0.2.19.jar:/home/mohammad/.m2/repository/edu/ucar/httpservices/4.5.5/httpservices-4.5.5.jar:/home/mohammad/.m2/repository/org/apache/httpcomponents/httpclient/4.5.13/httpclient-4.5.13.jar:/home/mohammad/.m2/repository/org/apache/httpcomponents/httpcore/4.4.13/httpcore-4.4.13.jar:/home/mohammad/.m2/repository/org/apache/httpcomponents/httpmime/4.5.13/httpmime-4.5.13.jar:/home/mohammad/.m2/repository/org/apache/commons/commons-csv/1.8/commons-csv-1.8.jar:/home/mohammad/.m2/repository/org/apache/sis/core/sis-utility/1.0/sis-utility-1.0.jar:/home/mohammad/.m2/repository/javax/measure/unit-api/1.0/unit-api-1.0.jar:/home/mohammad/.m2/repository/org/apache/sis/storage/sis-netcdf/1.0/sis-netcdf-1.0.jar:/home/mohammad/.m2/repository/org/apache/sis/storage/sis-storage/1.0/sis-storage-1.0.jar:/home/mohammad/.m2/repository/org/apache/sis/core/sis-feature/1.0/sis-feature-1.0.jar:/home/mohammad/.m2/repository/org/apache/sis/core/sis-referencing/1.0/sis-referencing-1.0.jar:/home/mohammad/.m2/repository/org/apache/sis/core/sis-metadata/1.0/sis-metadata-1.0.jar:/home/mohammad/.m2/repository/org/opengis/geoapi/3.0.1/geoapi-3.0.1.jar:/home/mohammad/.m2/repository/edu/usc/ir/sentiment-analysis-parser/0.1/sentiment-analysis-parser-0.1.jar:/home/mohammad/.m2/repository/com/fasterxml/jackson/core/jackson-core/2.11.3/jackson-core-2.11.3.jar:/home/mohammad/.m2/repository/com/fasterxml/jackson/core/jackson-databind/2.11.3/jackson-databind-2.11.3.jar:/home/mohammad/.m2/repository/com/fasterxml/jackson/core/jackson-annotations/2.11.3/jackson-annotations-2.11.3.jar:/home/mohammad/.m2/repository/org/junit/jupiter/junit-jupiter-api/5.6.2/junit-jupiter-api-5.6.2.jar:/home/mohammad/.m2/repository/org/apiguardian/apiguardian-api/1.1.0/apiguardian-api-1.1.0.jar:/home/mohammad/.m2/repository/org/opentest4j/opentest4j/1.2.0/opentest4j-1.2.0.jar:/home/mohammad/.m2/repository/org/junit/platform/junit-platform-commons/1.6.2/junit-platform-commons-1.6.2.jar:/home/mohammad/.m2/repository/org/junit/jupiter/junit-jupiter-params/5.6.2/junit-jupiter-params-5.6.2.jar:/home/mohammad/.m2/repository/org/junit/jupiter/junit-jupiter-engine/5.6.2/junit-jupiter-engine-5.6.2.jar:/home/mohammad/.m2/repository/org/junit/platform/junit-platform-engine/1.6.2/junit-platform-engine-1.6.2.jar:/home/mohammad/.m2/repository/org/mockito/mockito-core/3.3.3/mockito-core-3.3.3.jar:/home/mohammad/.m2/repository/net/bytebuddy/byte-buddy/1.10.5/byte-buddy-1.10.5.jar:/home/mohammad/.m2/repository/net/bytebuddy/byte-buddy-agent/1.10.5/byte-buddy-agent-1.10.5.jar:/home/mohammad/.m2/repository/org/objenesis/objenesis/2.6/objenesis-2.6.jar:/home/mohammad/.m2/repository/org/mockito/mockito-junit-jupiter/3.3.3/mockito-junit-jupiter-3.3.3.jar:/home/mohammad/.m2/repository/com/h2database/h2/1.4.200/h2-1.4.200.jar:/home/mohammad/.m2/repository/com/opencsv/opencsv/4.6/opencsv-4.6.jar:"/>
    <property name="java.vm.vendor" value="Debian"/>
    <property name="sun.arch.data.model" value="64"/>
    <property name="swing.aatext" value="true"/>
    <property name="java.vendor.url" value="https://tracker.debian.org/openjdk-11"/>
    <property name="user.timezone" value=""/>
    <property name="java.vm.specification.version" value="11"/>
    <property name="os.name" value="Linux"/>
    <property name="sun.java.launcher" value="SUN_STANDARD"/>
    <property name="user.country" value="IN"/>
    <property name="sun.boot.library.path" value="/usr/lib/jvm/java-11-openjdk-amd64/lib"/>
    <property name="sun.java.command" value="/home/mohammad/Desktop/DataDefender-master/target/surefire/surefirebooter15874876434724264203.jar /home/mohammad/Desktop/DataDefender-master/target/surefire 2022-04-18T15-51-59_401-jvmRun1 surefire13335863526020231071tmp surefire_08608150301918475302tmp"/>
    <property name="jdk.debug" value="release"/>
    <property name="surefire.test.class.path" value="/home/mohammad/Desktop/DataDefender-master/target/test-classes:/home/mohammad/Desktop/DataDefender-master/target/classes:/home/mohammad/.m2/repository/org/projectlombok/lombok/1.18.12/lombok-1.18.12.jar:/home/mohammad/.m2/repository/org/apache/logging/log4j/log4j-core/2.17.0/log4j-core-2.17.0.jar:/home/mohammad/.m2/repository/org/apache/logging/log4j/log4j-api/2.17.0/log4j-api-2.17.0.jar:/home/mohammad/.m2/repository/org/apache/logging/log4j/log4j-slf4j-impl/2.17.0/log4j-slf4j-impl-2.17.0.jar:/home/mohammad/.m2/repository/org/slf4j/slf4j-api/1.7.25/slf4j-api-1.7.25.jar:/home/mohammad/.m2/repository/org/apache/commons/commons-lang3/3.10/commons-lang3-3.10.jar:/home/mohammad/.m2/repository/org/apache/commons/commons-collections4/4.4/commons-collections4-4.4.jar:/home/mohammad/.m2/repository/org/apache/commons/commons-text/1.8/commons-text-1.8.jar:/home/mohammad/.m2/repository/commons-io/commons-io/2.6/commons-io-2.6.jar:/home/mohammad/.m2/repository/commons-validator/commons-validator/1.7/commons-validator-1.7.jar:/home/mohammad/.m2/repository/commons-beanutils/commons-beanutils/1.9.4/commons-beanutils-1.9.4.jar:/home/mohammad/.m2/repository/commons-digester/commons-digester/2.1/commons-digester-2.1.jar:/home/mohammad/.m2/repository/commons-logging/commons-logging/1.2/commons-logging-1.2.jar:/home/mohammad/.m2/repository/commons-collections/commons-collections/3.2.2/commons-collections-3.2.2.jar:/home/mohammad/.m2/repository/info/picocli/picocli/4.3.2/picocli-4.3.2.jar:/home/mohammad/.m2/repository/me/tongfei/progressbar/0.8.1/progressbar-0.8.1.jar:/home/mohammad/.m2/repository/org/jline/jline/3.13.3/jline-3.13.3.jar:/home/mohammad/.m2/repository/org/glassfish/jaxb/jaxb-runtime/2.3.3/jaxb-runtime-2.3.3.jar:/home/mohammad/.m2/repository/jakarta/xml/bind/jakarta.xml.bind-api/2.3.3/jakarta.xml.bind-api-2.3.3.jar:/home/mohammad/.m2/repository/org/glassfish/jaxb/txw2/2.3.3/txw2-2.3.3.jar:/home/mohammad/.m2/repository/com/sun/istack/istack-commons-runtime/3.0.11/istack-commons-runtime-3.0.11.jar:/home/mohammad/.m2/repository/com/sun/activation/jakarta.activation/1.2.2/jakarta.activation-1.2.2.jar:/home/mohammad/.m2/repository/dk/brics/automaton/1.12-1/automaton-1.12-1.jar:/home/mohammad/.m2/repository/org/xerial/sqlite-jdbc/3.31.1/sqlite-jdbc-3.31.1.jar:/home/mohammad/.m2/repository/org/apache/pdfbox/jbig2-imageio/3.0.3/jbig2-imageio-3.0.3.jar:/home/mohammad/.m2/repository/com/github/jai-imageio/jai-imageio-core/1.4.0/jai-imageio-core-1.4.0.jar:/home/mohammad/.m2/repository/com/github/jai-imageio/jai-imageio-jpeg2000/1.3.0/jai-imageio-jpeg2000-1.3.0.jar:/home/mohammad/.m2/repository/org/apache/opennlp/opennlp-tools/1.9.2/opennlp-tools-1.9.2.jar:/home/mohammad/.m2/repository/org/apache/tika/tika-core/1.24.1/tika-core-1.24.1.jar:/home/mohammad/.m2/repository/org/apache/tika/tika-parsers/1.25/tika-parsers-1.25.jar:/home/mohammad/.m2/repository/xerces/xercesImpl/2.12.0/xercesImpl-2.12.0.jar:/home/mohammad/.m2/repository/xml-apis/xml-apis/1.4.01/xml-apis-1.4.01.jar:/home/mohammad/.m2/repository/javax/annotation/javax.annotation-api/1.3.2/javax.annotation-api-1.3.2.jar:/home/mohammad/.m2/repository/org/gagravarr/vorbis-java-tika/0.8/vorbis-java-tika-0.8.jar:/home/mohammad/.m2/repository/org/tallison/jmatio/1.5/jmatio-1.5.jar:/home/mohammad/.m2/repository/org/apache/james/apache-mime4j-core/0.8.3/apache-mime4j-core-0.8.3.jar:/home/mohammad/.m2/repository/org/apache/james/apache-mime4j-dom/0.8.3/apache-mime4j-dom-0.8.3.jar:/home/mohammad/.m2/repository/com/googlecode/plist/dd-plist/1.23/dd-plist-1.23.jar:/home/mohammad/.m2/repository/org/apache/commons/commons-compress/1.20/commons-compress-1.20.jar:/home/mohammad/.m2/repository/org/tukaani/xz/1.8/xz-1.8.jar:/home/mohammad/.m2/repository/com/epam/parso/2.0.12/parso-2.0.12.jar:/home/mohammad/.m2/repository/org/brotli/dec/0.1.2/dec-0.1.2.jar:/home/mohammad/.m2/repository/commons-codec/commons-codec/1.15/commons-codec-1.15.jar:/home/mohammad/.m2/repository/org/apache/pdfbox/pdfbox/2.0.21/pdfbox-2.0.21.jar:/home/mohammad/.m2/repository/org/apache/pdfbox/fontbox/2.0.21/fontbox-2.0.21.jar:/home/mohammad/.m2/repository/org/apache/pdfbox/pdfbox-tools/2.0.21/pdfbox-tools-2.0.21.jar:/home/mohammad/.m2/repository/org/apache/pdfbox/preflight/2.0.21/preflight-2.0.21.jar:/home/mohammad/.m2/repository/org/apache/pdfbox/jempbox/1.8.16/jempbox-1.8.16.jar:/home/mohammad/.m2/repository/org/apache/pdfbox/xmpbox/2.0.21/xmpbox-2.0.21.jar:/home/mohammad/.m2/repository/org/bouncycastle/bcmail-jdk15on/1.67/bcmail-jdk15on-1.67.jar:/home/mohammad/.m2/repository/org/bouncycastle/bcpkix-jdk15on/1.67/bcpkix-jdk15on-1.67.jar:/home/mohammad/.m2/repository/org/bouncycastle/bcprov-jdk15on/1.67/bcprov-jdk15on-1.67.jar:/home/mohammad/.m2/repository/org/apache/poi/poi/4.1.2/poi-4.1.2.jar:/home/mohammad/.m2/repository/org/apache/commons/commons-math3/3.6.1/commons-math3-3.6.1.jar:/home/mohammad/.m2/repository/com/zaxxer/SparseBitSet/1.2/SparseBitSet-1.2.jar:/home/mohammad/.m2/repository/org/apache/poi/poi-scratchpad/4.1.2/poi-scratchpad-4.1.2.jar:/home/mohammad/.m2/repository/org/apache/poi/poi-ooxml/4.1.2/poi-ooxml-4.1.2.jar:/home/mohammad/.m2/repository/org/apache/poi/poi-ooxml-schemas/4.1.2/poi-ooxml-schemas-4.1.2.jar:/home/mohammad/.m2/repository/org/apache/xmlbeans/xmlbeans/3.1.0/xmlbeans-3.1.0.jar:/home/mohammad/.m2/repository/com/github/virtuald/curvesapi/1.06/curvesapi-1.06.jar:/home/mohammad/.m2/repository/com/healthmarketscience/jackcess/jackcess/3.5.1/jackcess-3.5.1.jar:/home/mohammad/.m2/repository/com/healthmarketscience/jackcess/jackcess-encrypt/3.0.0/jackcess-encrypt-3.0.0.jar:/home/mohammad/.m2/repository/org/ccil/cowan/tagsoup/tagsoup/1.2.1/tagsoup-1.2.1.jar:/home/mohammad/.m2/repository/org/ow2/asm/asm/9.0/asm-9.0.jar:/home/mohammad/.m2/repository/org/tallison/isoparser/1.9.41.4/isoparser-1.9.41.4.jar:/home/mohammad/.m2/repository/org/tallison/metadata-extractor/2.15.0.1/metadata-extractor-2.15.0.1.jar:/home/mohammad/.m2/repository/org/tallison/xmp/xmpcore-shaded/6.1.11/xmpcore-shaded-6.1.11.jar:/home/mohammad/.m2/repository/de/l3s/boilerpipe/boilerpipe/1.1.0/boilerpipe-1.1.0.jar:/home/mohammad/.m2/repository/com/rometools/rome/1.15.0/rome-1.15.0.jar:/home/mohammad/.m2/repository/com/rometools/rome-utils/1.15.0/rome-utils-1.15.0.jar:/home/mohammad/.m2/repository/org/gagravarr/vorbis-java-core/0.8/vorbis-java-core-0.8.jar:/home/mohammad/.m2/repository/com/googlecode/juniversalchardet/juniversalchardet/1.0.3/juniversalchardet-1.0.3.jar:/home/mohammad/.m2/repository/org/codelibs/jhighlight/1.0.3/jhighlight-1.0.3.jar:/home/mohammad/.m2/repository/com/pff/java-libpst/0.9.3/java-libpst-0.9.3.jar:/home/mohammad/.m2/repository/com/github/junrar/junrar/7.4.0/junrar-7.4.0.jar:/home/mohammad/.m2/repository/org/apache/cxf/cxf-rt-rs-client/3.4.1/cxf-rt-rs-client-3.4.1.jar:/home/mohammad/.m2/repository/org/apache/cxf/cxf-rt-transports-http/3.4.1/cxf-rt-transports-http-3.4.1.jar:/home/mohammad/.m2/repository/org/apache/cxf/cxf-core/3.4.1/cxf-core-3.4.1.jar:/home/mohammad/.m2/repository/com/fasterxml/woodstox/woodstox-core/6.2.1/woodstox-core-6.2.1.jar:/home/mohammad/.m2/repository/org/codehaus/woodstox/stax2-api/4.2.1/stax2-api-4.2.1.jar:/home/mohammad/.m2/repository/org/apache/ws/xmlschema/xmlschema-core/2.2.5/xmlschema-core-2.2.5.jar:/home/mohammad/.m2/repository/org/apache/cxf/cxf-rt-frontend-jaxrs/3.4.1/cxf-rt-frontend-jaxrs-3.4.1.jar:/home/mohammad/.m2/repository/jakarta/ws/rs/jakarta.ws.rs-api/2.1.6/jakarta.ws.rs-api-2.1.6.jar:/home/mohammad/.m2/repository/org/apache/cxf/cxf-rt-security/3.4.1/cxf-rt-security-3.4.1.jar:/home/mohammad/.m2/repository/jakarta/annotation/jakarta.annotation-api/1.3.5/jakarta.annotation-api-1.3.5.jar:/home/mohammad/.m2/repository/jakarta/xml/ws/jakarta.xml.ws-api/2.3.3/jakarta.xml.ws-api-2.3.3.jar:/home/mohammad/.m2/repository/jakarta/jws/jakarta.jws-api/2.1.0/jakarta.jws-api-2.1.0.jar:/home/mohammad/.m2/repository/jakarta/xml/soap/jakarta.xml.soap-api/1.4.2/jakarta.xml.soap-api-1.4.2.jar:/home/mohammad/.m2/repository/jakarta/activation/jakarta.activation-api/1.2.2/jakarta.activation-api-1.2.2.jar:/home/mohammad/.m2/repository/com/sun/xml/messaging/saaj/saaj-impl/1.5.2/saaj-impl-1.5.2.jar:/home/mohammad/.m2/repository/org/jvnet/staxex/stax-ex/1.8.3/stax-ex-1.8.3.jar:/home/mohammad/.m2/repository/org/apache/geronimo/specs/geronimo-jta_1.1_spec/1.1.1/geronimo-jta_1.1_spec-1.1.1.jar:/home/mohammad/.m2/repository/org/jboss/spec/javax/rmi/jboss-rmi-api_1.0_spec/1.0.6.Final/jboss-rmi-api_1.0_spec-1.0.6.Final.jar:/home/mohammad/.m2/repository/org/apache/commons/commons-exec/1.3/commons-exec-1.3.jar:/home/mohammad/.m2/repository/com/googlecode/json-simple/json-simple/1.1.1/json-simple-1.1.1.jar:/home/mohammad/.m2/repository/com/github/openjson/openjson/1.0.12/openjson-1.0.12.jar:/home/mohammad/.m2/repository/com/google/code/gson/gson/2.8.6/gson-2.8.6.jar:/home/mohammad/.m2/repository/org/slf4j/jul-to-slf4j/1.7.28/jul-to-slf4j-1.7.28.jar:/home/mohammad/.m2/repository/org/slf4j/jcl-over-slf4j/1.7.28/jcl-over-slf4j-1.7.28.jar:/home/mohammad/.m2/repository/edu/ucar/netcdf4/4.5.5/netcdf4-4.5.5.jar:/home/mohammad/.m2/repository/org/jdom/jdom2/2.0.6/jdom2-2.0.6.jar:/home/mohammad/.m2/repository/com/google/guava/guava/30.0-jre/guava-30.0-jre.jar:/home/mohammad/.m2/repository/com/google/guava/failureaccess/1.0.1/failureaccess-1.0.1.jar:/home/mohammad/.m2/repository/com/google/guava/listenablefuture/9999.0-empty-to-avoid-conflict-with-guava/listenablefuture-9999.0-empty-to-avoid-conflict-with-guava.jar:/home/mohammad/.m2/repository/com/google/code/findbugs/jsr305/3.0.2/jsr305-3.0.2.jar:/home/mohammad/.m2/repository/org/checkerframework/checker-qual/3.5.0/checker-qual-3.5.0.jar:/home/mohammad/.m2/repository/com/google/errorprone/error_prone_annotations/2.3.4/error_prone_annotations-2.3.4.jar:/home/mohammad/.m2/repository/com/google/j2objc/j2objc-annotations/1.3/j2objc-annotations-1.3.jar:/home/mohammad/.m2/repository/edu/ucar/grib/4.5.5/grib-4.5.5.jar:/home/mohammad/.m2/repository/org/itadaki/bzip2/0.9.1/bzip2-0.9.1.jar:/home/mohammad/.m2/repository/net/jcip/jcip-annotations/1.0/jcip-annotations-1.0.jar:/home/mohammad/.m2/repository/com/beust/jcommander/1.78/jcommander-1.78.jar:/home/mohammad/.m2/repository/net/java/dev/jna/jna/5.6.0/jna-5.6.0.jar:/home/mohammad/.m2/repository/org/jsoup/jsoup/1.13.1/jsoup-1.13.1.jar:/home/mohammad/.m2/repository/com/google/protobuf/protobuf-java/3.12.2/protobuf-java-3.12.2.jar:/home/mohammad/.m2/repository/edu/ucar/cdm/4.5.5/cdm-4.5.5.jar:/home/mohammad/.m2/repository/edu/ucar/udunits/4.5.5/udunits-4.5.5.jar:/home/mohammad/.m2/repository/joda-time/joda-time/2.2/joda-time-2.2.jar:/home/mohammad/.m2/repository/net/sf/ehcache/ehcache-core/2.6.2/ehcache-core-2.6.2.jar:/home/mohammad/.m2/repository/org/quartz-scheduler/quartz/2.3.2/quartz-2.3.2.jar:/home/mohammad/.m2/repository/com/zaxxer/HikariCP-java7/2.4.13/HikariCP-java7-2.4.13.jar:/home/mohammad/.m2/repository/com/mchange/c3p0/0.9.5.5/c3p0-0.9.5.5.jar:/home/mohammad/.m2/repository/com/mchange/mchange-commons-java/0.2.19/mchange-commons-java-0.2.19.jar:/home/mohammad/.m2/repository/edu/ucar/httpservices/4.5.5/httpservices-4.5.5.jar:/home/mohammad/.m2/repository/org/apache/httpcomponents/httpclient/4.5.13/httpclient-4.5.13.jar:/home/mohammad/.m2/repository/org/apache/httpcomponents/httpcore/4.4.13/httpcore-4.4.13.jar:/home/mohammad/.m2/repository/org/apache/httpcomponents/httpmime/4.5.13/httpmime-4.5.13.jar:/home/mohammad/.m2/repository/org/apache/commons/commons-csv/1.8/commons-csv-1.8.jar:/home/mohammad/.m2/repository/org/apache/sis/core/sis-utility/1.0/sis-utility-1.0.jar:/home/mohammad/.m2/repository/javax/measure/unit-api/1.0/unit-api-1.0.jar:/home/mohammad/.m2/repository/org/apache/sis/storage/sis-netcdf/1.0/sis-netcdf-1.0.jar:/home/mohammad/.m2/repository/org/apache/sis/storage/sis-storage/1.0/sis-storage-1.0.jar:/home/mohammad/.m2/repository/org/apache/sis/core/sis-feature/1.0/sis-feature-1.0.jar:/home/mohammad/.m2/repository/org/apache/sis/core/sis-referencing/1.0/sis-referencing-1.0.jar:/home/mohammad/.m2/repository/org/apache/sis/core/sis-metadata/1.0/sis-metadata-1.0.jar:/home/mohammad/.m2/repository/org/opengis/geoapi/3.0.1/geoapi-3.0.1.jar:/home/mohammad/.m2/repository/edu/usc/ir/sentiment-analysis-parser/0.1/sentiment-analysis-parser-0.1.jar:/home/mohammad/.m2/repository/com/fasterxml/jackson/core/jackson-core/2.11.3/jackson-core-2.11.3.jar:/home/mohammad/.m2/repository/com/fasterxml/jackson/core/jackson-databind/2.11.3/jackson-databind-2.11.3.jar:/home/mohammad/.m2/repository/com/fasterxml/jackson/core/jackson-annotations/2.11.3/jackson-annotations-2.11.3.jar:/home/mohammad/.m2/repository/org/junit/jupiter/junit-jupiter-api/5.6.2/junit-jupiter-api-5.6.2.jar:/home/mohammad/.m2/repository/org/apiguardian/apiguardian-api/1.1.0/apiguardian-api-1.1.0.jar:/home/mohammad/.m2/repository/org/opentest4j/opentest4j/1.2.0/opentest4j-1.2.0.jar:/home/mohammad/.m2/repository/org/junit/platform/junit-platform-commons/1.6.2/junit-platform-commons-1.6.2.jar:/home/mohammad/.m2/repository/org/junit/jupiter/junit-jupiter-params/5.6.2/junit-jupiter-params-5.6.2.jar:/home/mohammad/.m2/repository/org/junit/jupiter/junit-jupiter-engine/5.6.2/junit-jupiter-engine-5.6.2.jar:/home/mohammad/.m2/repository/org/junit/platform/junit-platform-engine/1.6.2/junit-platform-engine-1.6.2.jar:/home/mohammad/.m2/repository/org/mockito/mockito-core/3.3.3/mockito-core-3.3.3.jar:/home/mohammad/.m2/repository/net/bytebuddy/byte-buddy/1.10.5/byte-buddy-1.10.5.jar:/home/mohammad/.m2/repository/net/bytebuddy/byte-buddy-agent/1.10.5/byte-buddy-agent-1.10.5.jar:/home/mohammad/.m2/repository/org/objenesis/objenesis/2.6/objenesis-2.6.jar:/home/mohammad/.m2/repository/org/mockito/mockito-junit-jupiter/3.3.3/mockito-junit-jupiter-3.3.3.jar:/home/mohammad/.m2/repository/com/h2database/h2/1.4.200/h2-1.4.200.jar:/home/mohammad/.m2/repository/com/opencsv/opencsv/4.6/opencsv-4.6.jar:"/>
    <property name="sun.cpu.endian" value="little"/>
    <property name="user.home" value="/home/mohammad"/>
    <property name="user.language" value="en"/>
    <property name="java.specification.vendor" value="Oracle Corporation"/>
    <property name="java.version.date" value="2022-01-18"/>
    <property name="java.home" value="/usr/lib/jvm/java-11-openjdk-amd64"/>
    <property name="file.separator" value="/"/>
    <property name="basedir" value="/home/mohammad/Desktop/DataDefender-master"/>
    <property name="java.vm.compressedOopsMode" value="32-bit"/>
    <property name="line.separator" value="&#10;"/>
    <property name="java.specification.name" value="Java Platform API Specification"/>
    <property name="java.vm.specification.vendor" value="Oracle Corporation"/>
    <property name="java.awt.graphicsenv" value="sun.awt.X11GraphicsEnvironment"/>
    <property name="surefire.real.class.path" value="/home/mohammad/Desktop/DataDefender-master/target/surefire/surefirebooter15874876434724264203.jar"/>
    <property name="awt.useSystemAAFontSettings" value="on"/>
    <property name="sun.management.compiler" value="HotSpot 64-Bit Tiered Compilers"/>
    <property name="java.runtime.version" value="11.0.14+9-post-Debian-1"/>
    <property name="user.name" value="mohammad"/>
    <property name="path.separator" value=":"/>
    <property name="os.version" value="5.16.0-kali6-amd64"/>
    <property name="java.runtime.name" value="OpenJDK Runtime Environment"/>
    <property name="file.encoding" value="UTF-8"/>
    <property name="java.vm.name" value="OpenJDK 64-Bit Server VM"/>
    <property name="localRepository" value="/home/mohammad/.m2/repository"/>
    <property name="java.vendor.url.bug" value="https://bugs.debian.org/openjdk-11"/>
    <property name="java.io.tmpdir" value="/tmp"/>
    <property name="java.version" value="11.0.14"/>
    <property name="user.dir" value="/home/mohammad/Desktop/DataDefender-master"/>
    <property name="os.arch" value="amd64"/>
    <property name="java.vm.specification.name" value="Java Virtual Machine Specification"/>
    <property name="java.awt.printerjob" value="sun.print.PSPrinterJob"/>
    <property name="sun.os.patch.level" value="unknown"/>
    <property name="java.library.path" value="/usr/java/packages/lib:/usr/lib/x86_64-linux-gnu/jni:/lib/x86_64-linux-gnu:/usr/lib/x86_64-linux-gnu:/usr/lib/jni:/lib:/usr/lib"/>
    <property name="java.vm.info" value="mixed mode, sharing"/>
    <property name="java.vendor" value="Debian"/>
    <property name="java.vm.version" value="11.0.14+9-post-Debian-1"/>
    <property name="sun.io.unicode.encoding" value="UnicodeLittle"/>
    <property name="java.class.version" value="55.0"/>
  </properties>
  <testcase name="testRandomStringFromStream" classname="com.strider.datadefender.anonymizer.functions.CoreTest" time="0"/>
  <testcase name="testRandomStringFromPattern" classname="com.strider.datadefender.anonymizer.functions.CoreTest" time="0"/>
  <testcase name="testRandomDateTime" classname="com.strider.datadefender.anonymizer.functions.CoreTest" time="0"/>
  <testcase name="testRandomGeoLocation" classname="com.strider.datadefender.anonymizer.functions.CoreTest" time="0.001"/>
  <testcase name="testRandomDate" classname="com.strider.datadefender.anonymizer.functions.CoreTest" time="0"/>
  <testcase name="testRandomStringFromFile" classname="com.strider.datadefender.anonymizer.functions.CoreTest" time="0"/>
  <testcase name="testRandomString" classname="com.strider.datadefender.anonymizer.functions.CoreTest" time="0"/>
  <testcase name="testRandomStringFromNonExistentFile" classname="com.strider.datadefender.anonymizer.functions.CoreTest" time="0"/>
  <testcase name="testRandomIpAddress" classname="com.strider.datadefender.anonymizer.functions.CoreTest" time="0.001"/>
</testsuite>